The system is: Linux - 5.4.0-42-generic - x86_64
Compiling the CXX compiler identification source file "CMakeCXXCompilerId.cpp" succeeded.
Compiler: /usr/bin/c++ 
Build flags: 
Id flags:  

The output was:
0


Compilation of the CXX compiler identification source "CMakeCXXCompilerId.cpp" produced "a.out"

The CXX compiler identification is GNU, found in "/home/red-sea/COSSIM/hla/certi/build-certi/CMakeFiles/3.10.2/CompilerIdCXX/a.out"

Determining if the CXX compiler works passed with the following output:
Change Dir: /home/red-sea/COSSIM/hla/certi/build-certi/CMakeFiles/CMakeTmp

Run Build Command:"/usr/bin/make" "cmTC_e2067/fast"
/usr/bin/make -f CMakeFiles/cmTC_e2067.dir/build.make CMakeFiles/cmTC_e2067.dir/build
make[1]: Entering directory '/home/red-sea/COSSIM/hla/certi/build-certi/CMakeFiles/CMakeTmp'
Building CXX object CMakeFiles/cmTC_e2067.dir/testCXXCompiler.cxx.o
/usr/bin/c++     -o CMakeFiles/cmTC_e2067.dir/testCXXCompiler.cxx.o -c /home/red-sea/COSSIM/hla/certi/build-certi/CMakeFiles/CMakeTmp/testCXXCompiler.cxx
Linking CXX executable cmTC_e2067
/usr/bin/cmake -E cmake_link_script CMakeFiles/cmTC_e2067.dir/link.txt --verbose=1
/usr/bin/c++       -rdynamic CMakeFiles/cmTC_e2067.dir/testCXXCompiler.cxx.o  -o cmTC_e2067 
make[1]: Leaving directory '/home/red-sea/COSSIM/hla/certi/build-certi/CMakeFiles/CMakeTmp'


Detecting CXX compiler ABI info compiled with the following output:
Change Dir: /home/red-sea/COSSIM/hla/certi/build-certi/CMakeFiles/CMakeTmp

Run Build Command:"/usr/bin/make" "cmTC_fe27b/fast"
/usr/bin/make -f CMakeFiles/cmTC_fe27b.dir/build.make CMakeFiles/cmTC_fe27b.dir/build
make[1]: Entering directory '/home/red-sea/COSSIM/hla/certi/build-certi/CMakeFiles/CMakeTmp'
Building CXX object CMakeFiles/cmTC_fe27b.dir/CMakeCXXCompilerABI.cpp.o
/usr/bin/c++     -o CMakeFiles/cmTC_fe27b.dir/CMakeCXXCompilerABI.cpp.o -c /usr/share/cmake-3.10/Modules/CMakeCXXCompilerABI.cpp
Linking CXX executable cmTC_fe27b
/usr/bin/cmake -E cmake_link_script CMakeFiles/cmTC_fe27b.dir/link.txt --verbose=1
/usr/bin/c++      -v -rdynamic CMakeFiles/cmTC_fe27b.dir/CMakeCXXCompilerABI.cpp.o  -o cmTC_fe27b 
Using built-in specs.
COLLECT_GCC=/usr/bin/c++
COLLECT_LTO_WRAPPER=/usr/lib/gcc/x86_64-linux-gnu/7/lto-wrapper
OFFLOAD_TARGET_NAMES=nvptx-none
OFFLOAD_TARGET_DEFAULT=1
Target: x86_64-linux-gnu
Configured with: ../src/configure -v --with-pkgversion='Ubuntu 7.5.0-3ubuntu1~18.04' --with-bugurl=file:///usr/share/doc/gcc-7/README.Bugs --enable-languages=c,ada,c++,go,brig,d,fortran,objc,obj-c++ --prefix=/usr --with-gcc-major-version-only --program-suffix=-7 --program-prefix=x86_64-linux-gnu- --enable-shared --enable-linker-build-id --libexecdir=/usr/lib --without-included-gettext --enable-threads=posix --libdir=/usr/lib --enable-nls --enable-bootstrap --enable-clocale=gnu --enable-libstdcxx-debug --enable-libstdcxx-time=yes --with-default-libstdcxx-abi=new --enable-gnu-unique-object --disable-vtable-verify --enable-libmpx --enable-plugin --enable-default-pie --with-system-zlib --with-target-system-zlib --enable-objc-gc=auto --enable-multiarch --disable-werror --with-arch-32=i686 --with-abi=m64 --with-multilib-list=m32,m64,mx32 --enable-multilib --with-tune=generic --enable-offload-targets=nvptx-none --without-cuda-driver --enable-checking=release --build=x86_64-linux-gnu --host=x86_64-linux-gnu --target=x86_64-linux-gnu
Thread model: posix
gcc version 7.5.0 (Ubuntu 7.5.0-3ubuntu1~18.04) 
COMPILER_PATH=/usr/lib/gcc/x86_64-linux-gnu/7/:/usr/lib/gcc/x86_64-linux-gnu/7/:/usr/lib/gcc/x86_64-linux-gnu/:/usr/lib/gcc/x86_64-linux-gnu/7/:/usr/lib/gcc/x86_64-linux-gnu/
LIBRARY_PATH=/usr/lib/gcc/x86_64-linux-gnu/7/:/usr/lib/gcc/x86_64-linux-gnu/7/../../../x86_64-linux-gnu/:/usr/lib/gcc/x86_64-linux-gnu/7/../../../../lib/:/lib/x86_64-linux-gnu/:/lib/../lib/:/usr/lib/x86_64-linux-gnu/:/usr/lib/../lib/:/usr/lib/gcc/x86_64-linux-gnu/7/../../../:/lib/:/usr/lib/
COLLECT_GCC_OPTIONS='-v' '-rdynamic' '-o' 'cmTC_fe27b' '-shared-libgcc' '-mtune=generic' '-march=x86-64'
 /usr/lib/gcc/x86_64-linux-gnu/7/collect2 -plugin /usr/lib/gcc/x86_64-linux-gnu/7/liblto_plugin.so -plugin-opt=/usr/lib/gcc/x86_64-linux-gnu/7/lto-wrapper -plugin-opt=-fresolution=/tmp/cces6y2X.res -plugin-opt=-pass-through=-lgcc_s -plugin-opt=-pass-through=-lgcc -plugin-opt=-pass-through=-lc -plugin-opt=-pass-through=-lgcc_s -plugin-opt=-pass-through=-lgcc --build-id --eh-frame-hdr -m elf_x86_64 --hash-style=gnu --as-needed -export-dynamic -dynamic-linker /lib64/ld-linux-x86-64.so.2 -pie -z now -z relro -o cmTC_fe27b /usr/lib/gcc/x86_64-linux-gnu/7/../../../x86_64-linux-gnu/Scrt1.o /usr/lib/gcc/x86_64-linux-gnu/7/../../../x86_64-linux-gnu/crti.o /usr/lib/gcc/x86_64-linux-gnu/7/crtbeginS.o -L/usr/lib/gcc/x86_64-linux-gnu/7 -L/usr/lib/gcc/x86_64-linux-gnu/7/../../../x86_64-linux-gnu -L/usr/lib/gcc/x86_64-linux-gnu/7/../../../../lib -L/lib/x86_64-linux-gnu -L/lib/../lib -L/usr/lib/x86_64-linux-gnu -L/usr/lib/../lib -L/usr/lib/gcc/x86_64-linux-gnu/7/../../.. CMakeFiles/cmTC_fe27b.dir/CMakeCXXCompilerABI.cpp.o -lstdc++ -lm -lgcc_s -lgcc -lc -lgcc_s -lgcc /usr/lib/gcc/x86_64-linux-gnu/7/crtendS.o /usr/lib/gcc/x86_64-linux-gnu/7/../../../x86_64-linux-gnu/crtn.o
COLLECT_GCC_OPTIONS='-v' '-rdynamic' '-o' 'cmTC_fe27b' '-shared-libgcc' '-mtune=generic' '-march=x86-64'
make[1]: Leaving directory '/home/red-sea/COSSIM/hla/certi/build-certi/CMakeFiles/CMakeTmp'


Parsed CXX implicit link information from above output:
  link line regex: [^( *|.*[/\])(ld|CMAKE_LINK_STARTFILE-NOTFOUND|([^/\]+-)?ld|collect2)[^/\]*( |$)]
  ignore line: [Change Dir: /home/red-sea/COSSIM/hla/certi/build-certi/CMakeFiles/CMakeTmp]
  ignore line: []
  ignore line: [Run Build Command:"/usr/bin/make" "cmTC_fe27b/fast"]
  ignore line: [/usr/bin/make -f CMakeFiles/cmTC_fe27b.dir/build.make CMakeFiles/cmTC_fe27b.dir/build]
  ignore line: [make[1]: Entering directory '/home/red-sea/COSSIM/hla/certi/build-certi/CMakeFiles/CMakeTmp']
  ignore line: [Building CXX object CMakeFiles/cmTC_fe27b.dir/CMakeCXXCompilerABI.cpp.o]
  ignore line: [/usr/bin/c++     -o CMakeFiles/cmTC_fe27b.dir/CMakeCXXCompilerABI.cpp.o -c /usr/share/cmake-3.10/Modules/CMakeCXXCompilerABI.cpp]
  ignore line: [Linking CXX executable cmTC_fe27b]
  ignore line: [/usr/bin/cmake -E cmake_link_script CMakeFiles/cmTC_fe27b.dir/link.txt --verbose=1]
  ignore line: [/usr/bin/c++      -v -rdynamic CMakeFiles/cmTC_fe27b.dir/CMakeCXXCompilerABI.cpp.o  -o cmTC_fe27b ]
  ignore line: [Using built-in specs.]
  ignore line: [COLLECT_GCC=/usr/bin/c++]
  ignore line: [COLLECT_LTO_WRAPPER=/usr/lib/gcc/x86_64-linux-gnu/7/lto-wrapper]
  ignore line: [OFFLOAD_TARGET_NAMES=nvptx-none]
  ignore line: [OFFLOAD_TARGET_DEFAULT=1]
  ignore line: [Target: x86_64-linux-gnu]
  ignore line: [Configured with: ../src/configure -v --with-pkgversion='Ubuntu 7.5.0-3ubuntu1~18.04' --with-bugurl=file:///usr/share/doc/gcc-7/README.Bugs --enable-languages=c,ada,c++,go,brig,d,fortran,objc,obj-c++ --prefix=/usr --with-gcc-major-version-only --program-suffix=-7 --program-prefix=x86_64-linux-gnu- --enable-shared --enable-linker-build-id --libexecdir=/usr/lib --without-included-gettext --enable-threads=posix --libdir=/usr/lib --enable-nls --enable-bootstrap --enable-clocale=gnu --enable-libstdcxx-debug --enable-libstdcxx-time=yes --with-default-libstdcxx-abi=new --enable-gnu-unique-object --disable-vtable-verify --enable-libmpx --enable-plugin --enable-default-pie --with-system-zlib --with-target-system-zlib --enable-objc-gc=auto --enable-multiarch --disable-werror --with-arch-32=i686 --with-abi=m64 --with-multilib-list=m32,m64,mx32 --enable-multilib --with-tune=generic --enable-offload-targets=nvptx-none --without-cuda-driver --enable-checking=release --build=x86_64-linux-gnu --host=x86_64-linux-gnu --target=x86_64-linux-gnu]
  ignore line: [Thread model: posix]
  ignore line: [gcc version 7.5.0 (Ubuntu 7.5.0-3ubuntu1~18.04) ]
  ignore line: [COMPILER_PATH=/usr/lib/gcc/x86_64-linux-gnu/7/:/usr/lib/gcc/x86_64-linux-gnu/7/:/usr/lib/gcc/x86_64-linux-gnu/:/usr/lib/gcc/x86_64-linux-gnu/7/:/usr/lib/gcc/x86_64-linux-gnu/]
  ignore line: [LIBRARY_PATH=/usr/lib/gcc/x86_64-linux-gnu/7/:/usr/lib/gcc/x86_64-linux-gnu/7/../../../x86_64-linux-gnu/:/usr/lib/gcc/x86_64-linux-gnu/7/../../../../lib/:/lib/x86_64-linux-gnu/:/lib/../lib/:/usr/lib/x86_64-linux-gnu/:/usr/lib/../lib/:/usr/lib/gcc/x86_64-linux-gnu/7/../../../:/lib/:/usr/lib/]
  ignore line: [COLLECT_GCC_OPTIONS='-v' '-rdynamic' '-o' 'cmTC_fe27b' '-shared-libgcc' '-mtune=generic' '-march=x86-64']
  link line: [ /usr/lib/gcc/x86_64-linux-gnu/7/collect2 -plugin /usr/lib/gcc/x86_64-linux-gnu/7/liblto_plugin.so -plugin-opt=/usr/lib/gcc/x86_64-linux-gnu/7/lto-wrapper -plugin-opt=-fresolution=/tmp/cces6y2X.res -plugin-opt=-pass-through=-lgcc_s -plugin-opt=-pass-through=-lgcc -plugin-opt=-pass-through=-lc -plugin-opt=-pass-through=-lgcc_s -plugin-opt=-pass-through=-lgcc --build-id --eh-frame-hdr -m elf_x86_64 --hash-style=gnu --as-needed -export-dynamic -dynamic-linker /lib64/ld-linux-x86-64.so.2 -pie -z now -z relro -o cmTC_fe27b /usr/lib/gcc/x86_64-linux-gnu/7/../../../x86_64-linux-gnu/Scrt1.o /usr/lib/gcc/x86_64-linux-gnu/7/../../../x86_64-linux-gnu/crti.o /usr/lib/gcc/x86_64-linux-gnu/7/crtbeginS.o -L/usr/lib/gcc/x86_64-linux-gnu/7 -L/usr/lib/gcc/x86_64-linux-gnu/7/../../../x86_64-linux-gnu -L/usr/lib/gcc/x86_64-linux-gnu/7/../../../../lib -L/lib/x86_64-linux-gnu -L/lib/../lib -L/usr/lib/x86_64-linux-gnu -L/usr/lib/../lib -L/usr/lib/gcc/x86_64-linux-gnu/7/../../.. CMakeFiles/cmTC_fe27b.dir/CMakeCXXCompilerABI.cpp.o -lstdc++ -lm -lgcc_s -lgcc -lc -lgcc_s -lgcc /usr/lib/gcc/x86_64-linux-gnu/7/crtendS.o /usr/lib/gcc/x86_64-linux-gnu/7/../../../x86_64-linux-gnu/crtn.o]
    arg [/usr/lib/gcc/x86_64-linux-gnu/7/collect2] ==> ignore
    arg [-plugin] ==> ignore
    arg [/usr/lib/gcc/x86_64-linux-gnu/7/liblto_plugin.so] ==> ignore
    arg [-plugin-opt=/usr/lib/gcc/x86_64-linux-gnu/7/lto-wrapper] ==> ignore
    arg [-plugin-opt=-fresolution=/tmp/cces6y2X.res] ==> ignore
    arg [-plugin-opt=-pass-through=-lgcc_s] ==> ignore
    arg [-plugin-opt=-pass-through=-lgcc] ==> ignore
    arg [-plugin-opt=-pass-through=-lc] ==> ignore
    arg [-plugin-opt=-pass-through=-lgcc_s] ==> ignore
    arg [-plugin-opt=-pass-through=-lgcc] ==> ignore
    arg [--build-id] ==> ignore
    arg [--eh-frame-hdr] ==> ignore
    arg [-m] ==> ignore
    arg [elf_x86_64] ==> ignore
    arg [--hash-style=gnu] ==> ignore
    arg [--as-needed] ==> ignore
    arg [-export-dynamic] ==> ignore
    arg [-dynamic-linker] ==> ignore
    arg [/lib64/ld-linux-x86-64.so.2] ==> ignore
    arg [-pie] ==> ignore
    arg [-znow] ==> ignore
    arg [-zrelro] ==> ignore
    arg [-o] ==> ignore
    arg [cmTC_fe27b] ==> ignore
    arg [/usr/lib/gcc/x86_64-linux-gnu/7/../../../x86_64-linux-gnu/Scrt1.o] ==> ignore
    arg [/usr/lib/gcc/x86_64-linux-gnu/7/../../../x86_64-linux-gnu/crti.o] ==> ignore
    arg [/usr/lib/gcc/x86_64-linux-gnu/7/crtbeginS.o] ==> ignore
    arg [-L/usr/lib/gcc/x86_64-linux-gnu/7] ==> dir [/usr/lib/gcc/x86_64-linux-gnu/7]
    arg [-L/usr/lib/gcc/x86_64-linux-gnu/7/../../../x86_64-linux-gnu] ==> dir [/usr/lib/gcc/x86_64-linux-gnu/7/../../../x86_64-linux-gnu]
    arg [-L/usr/lib/gcc/x86_64-linux-gnu/7/../../../../lib] ==> dir [/usr/lib/gcc/x86_64-linux-gnu/7/../../../../lib]
    arg [-L/lib/x86_64-linux-gnu] ==> dir [/lib/x86_64-linux-gnu]
    arg [-L/lib/../lib] ==> dir [/lib/../lib]
    arg [-L/usr/lib/x86_64-linux-gnu] ==> dir [/usr/lib/x86_64-linux-gnu]
    arg [-L/usr/lib/../lib] ==> dir [/usr/lib/../lib]
    arg [-L/usr/lib/gcc/x86_64-linux-gnu/7/../../..] ==> dir [/usr/lib/gcc/x86_64-linux-gnu/7/../../..]
    arg [CMakeFiles/cmTC_fe27b.dir/CMakeCXXCompilerABI.cpp.o] ==> ignore
    arg [-lstdc++] ==> lib [stdc++]
    arg [-lm] ==> lib [m]
    arg [-lgcc_s] ==> lib [gcc_s]
    arg [-lgcc] ==> lib [gcc]
    arg [-lc] ==> lib [c]
    arg [-lgcc_s] ==> lib [gcc_s]
    arg [-lgcc] ==> lib [gcc]
    arg [/usr/lib/gcc/x86_64-linux-gnu/7/crtendS.o] ==> ignore
    arg [/usr/lib/gcc/x86_64-linux-gnu/7/../../../x86_64-linux-gnu/crtn.o] ==> ignore
  collapse library dir [/usr/lib/gcc/x86_64-linux-gnu/7] ==> [/usr/lib/gcc/x86_64-linux-gnu/7]
  collapse library dir [/usr/lib/gcc/x86_64-linux-gnu/7/../../../x86_64-linux-gnu] ==> [/usr/lib/x86_64-linux-gnu]
  collapse library dir [/usr/lib/gcc/x86_64-linux-gnu/7/../../../../lib] ==> [/usr/lib]
  collapse library dir [/lib/x86_64-linux-gnu] ==> [/lib/x86_64-linux-gnu]
  collapse library dir [/lib/../lib] ==> [/lib]
  collapse library dir [/usr/lib/x86_64-linux-gnu] ==> [/usr/lib/x86_64-linux-gnu]
  collapse library dir [/usr/lib/../lib] ==> [/usr/lib]
  collapse library dir [/usr/lib/gcc/x86_64-linux-gnu/7/../../..] ==> [/usr/lib]
  implicit libs: [stdc++;m;gcc_s;gcc;c;gcc_s;gcc]
  implicit dirs: [/usr/lib/gcc/x86_64-linux-gnu/7;/usr/lib/x86_64-linux-gnu;/usr/lib;/lib/x86_64-linux-gnu;/lib]
  implicit fwks: []




Detecting CXX [-std=c++1z] compiler features compiled with the following output:
Change Dir: /home/red-sea/COSSIM/hla/certi/build-certi/CMakeFiles/CMakeTmp

Run Build Command:"/usr/bin/make" "cmTC_c3d09/fast"
/usr/bin/make -f CMakeFiles/cmTC_c3d09.dir/build.make CMakeFiles/cmTC_c3d09.dir/build
make[1]: Entering directory '/home/red-sea/COSSIM/hla/certi/build-certi/CMakeFiles/CMakeTmp'
Building CXX object CMakeFiles/cmTC_c3d09.dir/feature_tests.cxx.o
/usr/bin/c++    -std=c++1z -o CMakeFiles/cmTC_c3d09.dir/feature_tests.cxx.o -c /home/red-sea/COSSIM/hla/certi/build-certi/CMakeFiles/feature_tests.cxx
Linking CXX executable cmTC_c3d09
/usr/bin/cmake -E cmake_link_script CMakeFiles/cmTC_c3d09.dir/link.txt --verbose=1
/usr/bin/c++       -rdynamic CMakeFiles/cmTC_c3d09.dir/feature_tests.cxx.o  -o cmTC_c3d09 
make[1]: Leaving directory '/home/red-sea/COSSIM/hla/certi/build-certi/CMakeFiles/CMakeTmp'


    Feature record: CXX_FEATURE:1cxx_aggregate_default_initializers
    Feature record: CXX_FEATURE:1cxx_alias_templates
    Feature record: CXX_FEATURE:1cxx_alignas
    Feature record: CXX_FEATURE:1cxx_alignof
    Feature record: CXX_FEATURE:1cxx_attributes
    Feature record: CXX_FEATURE:1cxx_attribute_deprecated
    Feature record: CXX_FEATURE:1cxx_auto_type
    Feature record: CXX_FEATURE:1cxx_binary_literals
    Feature record: CXX_FEATURE:1cxx_constexpr
    Feature record: CXX_FEATURE:1cxx_contextual_conversions
    Feature record: CXX_FEATURE:1cxx_decltype
    Feature record: CXX_FEATURE:1cxx_decltype_auto
    Feature record: CXX_FEATURE:1cxx_decltype_incomplete_return_types
    Feature record: CXX_FEATURE:1cxx_default_function_template_args
    Feature record: CXX_FEATURE:1cxx_defaulted_functions
    Feature record: CXX_FEATURE:1cxx_defaulted_move_initializers
    Feature record: CXX_FEATURE:1cxx_delegating_constructors
    Feature record: CXX_FEATURE:1cxx_deleted_functions
    Feature record: CXX_FEATURE:1cxx_digit_separators
    Feature record: CXX_FEATURE:1cxx_enum_forward_declarations
    Feature record: CXX_FEATURE:1cxx_explicit_conversions
    Feature record: CXX_FEATURE:1cxx_extended_friend_declarations
    Feature record: CXX_FEATURE:1cxx_extern_templates
    Feature record: CXX_FEATURE:1cxx_final
    Feature record: CXX_FEATURE:1cxx_func_identifier
    Feature record: CXX_FEATURE:1cxx_generalized_initializers
    Feature record: CXX_FEATURE:1cxx_generic_lambdas
    Feature record: CXX_FEATURE:1cxx_inheriting_constructors
    Feature record: CXX_FEATURE:1cxx_inline_namespaces
    Feature record: CXX_FEATURE:1cxx_lambdas
    Feature record: CXX_FEATURE:1cxx_lambda_init_captures
    Feature record: CXX_FEATURE:1cxx_local_type_template_args
    Feature record: CXX_FEATURE:1cxx_long_long_type
    Feature record: CXX_FEATURE:1cxx_noexcept
    Feature record: CXX_FEATURE:1cxx_nonstatic_member_init
    Feature record: CXX_FEATURE:1cxx_nullptr
    Feature record: CXX_FEATURE:1cxx_override
    Feature record: CXX_FEATURE:1cxx_range_for
    Feature record: CXX_FEATURE:1cxx_raw_string_literals
    Feature record: CXX_FEATURE:1cxx_reference_qualified_functions
    Feature record: CXX_FEATURE:1cxx_relaxed_constexpr
    Feature record: CXX_FEATURE:1cxx_return_type_deduction
    Feature record: CXX_FEATURE:1cxx_right_angle_brackets
    Feature record: CXX_FEATURE:1cxx_rvalue_references
    Feature record: CXX_FEATURE:1cxx_sizeof_member
    Feature record: CXX_FEATURE:1cxx_static_assert
    Feature record: CXX_FEATURE:1cxx_strong_enums
    Feature record: CXX_FEATURE:1cxx_template_template_parameters
    Feature record: CXX_FEATURE:1cxx_thread_local
    Feature record: CXX_FEATURE:1cxx_trailing_return_types
    Feature record: CXX_FEATURE:1cxx_unicode_literals
    Feature record: CXX_FEATURE:1cxx_uniform_initialization
    Feature record: CXX_FEATURE:1cxx_unrestricted_unions
    Feature record: CXX_FEATURE:1cxx_user_literals
    Feature record: CXX_FEATURE:1cxx_variable_templates
    Feature record: CXX_FEATURE:1cxx_variadic_macros
    Feature record: CXX_FEATURE:1cxx_variadic_templates


Detecting CXX [-std=c++14] compiler features compiled with the following output:
Change Dir: /home/red-sea/COSSIM/hla/certi/build-certi/CMakeFiles/CMakeTmp

Run Build Command:"/usr/bin/make" "cmTC_a61fb/fast"
/usr/bin/make -f CMakeFiles/cmTC_a61fb.dir/build.make CMakeFiles/cmTC_a61fb.dir/build
make[1]: Entering directory '/home/red-sea/COSSIM/hla/certi/build-certi/CMakeFiles/CMakeTmp'
Building CXX object CMakeFiles/cmTC_a61fb.dir/feature_tests.cxx.o
/usr/bin/c++    -std=c++14 -o CMakeFiles/cmTC_a61fb.dir/feature_tests.cxx.o -c /home/red-sea/COSSIM/hla/certi/build-certi/CMakeFiles/feature_tests.cxx
Linking CXX executable cmTC_a61fb
/usr/bin/cmake -E cmake_link_script CMakeFiles/cmTC_a61fb.dir/link.txt --verbose=1
/usr/bin/c++       -rdynamic CMakeFiles/cmTC_a61fb.dir/feature_tests.cxx.o  -o cmTC_a61fb 
make[1]: Leaving directory '/home/red-sea/COSSIM/hla/certi/build-certi/CMakeFiles/CMakeTmp'


    Feature record: CXX_FEATURE:1cxx_aggregate_default_initializers
    Feature record: CXX_FEATURE:1cxx_alias_templates
    Feature record: CXX_FEATURE:1cxx_alignas
    Feature record: CXX_FEATURE:1cxx_alignof
    Feature record: CXX_FEATURE:1cxx_attributes
    Feature record: CXX_FEATURE:1cxx_attribute_deprecated
    Feature record: CXX_FEATURE:1cxx_auto_type
    Feature record: CXX_FEATURE:1cxx_binary_literals
    Feature record: CXX_FEATURE:1cxx_constexpr
    Feature record: CXX_FEATURE:1cxx_contextual_conversions
    Feature record: CXX_FEATURE:1cxx_decltype
    Feature record: CXX_FEATURE:1cxx_decltype_auto
    Feature record: CXX_FEATURE:1cxx_decltype_incomplete_return_types
    Feature record: CXX_FEATURE:1cxx_default_function_template_args
    Feature record: CXX_FEATURE:1cxx_defaulted_functions
    Feature record: CXX_FEATURE:1cxx_defaulted_move_initializers
    Feature record: CXX_FEATURE:1cxx_delegating_constructors
    Feature record: CXX_FEATURE:1cxx_deleted_functions
    Feature record: CXX_FEATURE:1cxx_digit_separators
    Feature record: CXX_FEATURE:1cxx_enum_forward_declarations
    Feature record: CXX_FEATURE:1cxx_explicit_conversions
    Feature record: CXX_FEATURE:1cxx_extended_friend_declarations
    Feature record: CXX_FEATURE:1cxx_extern_templates
    Feature record: CXX_FEATURE:1cxx_final
    Feature record: CXX_FEATURE:1cxx_func_identifier
    Feature record: CXX_FEATURE:1cxx_generalized_initializers
    Feature record: CXX_FEATURE:1cxx_generic_lambdas
    Feature record: CXX_FEATURE:1cxx_inheriting_constructors
    Feature record: CXX_FEATURE:1cxx_inline_namespaces
    Feature record: CXX_FEATURE:1cxx_lambdas
    Feature record: CXX_FEATURE:1cxx_lambda_init_captures
    Feature record: CXX_FEATURE:1cxx_local_type_template_args
    Feature record: CXX_FEATURE:1cxx_long_long_type
    Feature record: CXX_FEATURE:1cxx_noexcept
    Feature record: CXX_FEATURE:1cxx_nonstatic_member_init
    Feature record: CXX_FEATURE:1cxx_nullptr
    Feature record: CXX_FEATURE:1cxx_override
    Feature record: CXX_FEATURE:1cxx_range_for
    Feature record: CXX_FEATURE:1cxx_raw_string_literals
    Feature record: CXX_FEATURE:1cxx_reference_qualified_functions
    Feature record: CXX_FEATURE:1cxx_relaxed_constexpr
    Feature record: CXX_FEATURE:1cxx_return_type_deduction
    Feature record: CXX_FEATURE:1cxx_right_angle_brackets
    Feature record: CXX_FEATURE:1cxx_rvalue_references
    Feature record: CXX_FEATURE:1cxx_sizeof_member
    Feature record: CXX_FEATURE:1cxx_static_assert
    Feature record: CXX_FEATURE:1cxx_strong_enums
    Feature record: CXX_FEATURE:1cxx_template_template_parameters
    Feature record: CXX_FEATURE:1cxx_thread_local
    Feature record: CXX_FEATURE:1cxx_trailing_return_types
    Feature record: CXX_FEATURE:1cxx_unicode_literals
    Feature record: CXX_FEATURE:1cxx_uniform_initialization
    Feature record: CXX_FEATURE:1cxx_unrestricted_unions
    Feature record: CXX_FEATURE:1cxx_user_literals
    Feature record: CXX_FEATURE:1cxx_variable_templates
    Feature record: CXX_FEATURE:1cxx_variadic_macros
    Feature record: CXX_FEATURE:1cxx_variadic_templates


Detecting CXX [-std=c++11] compiler features compiled with the following output:
Change Dir: /home/red-sea/COSSIM/hla/certi/build-certi/CMakeFiles/CMakeTmp

Run Build Command:"/usr/bin/make" "cmTC_ffdee/fast"
/usr/bin/make -f CMakeFiles/cmTC_ffdee.dir/build.make CMakeFiles/cmTC_ffdee.dir/build
make[1]: Entering directory '/home/red-sea/COSSIM/hla/certi/build-certi/CMakeFiles/CMakeTmp'
Building CXX object CMakeFiles/cmTC_ffdee.dir/feature_tests.cxx.o
/usr/bin/c++    -std=c++11 -o CMakeFiles/cmTC_ffdee.dir/feature_tests.cxx.o -c /home/red-sea/COSSIM/hla/certi/build-certi/CMakeFiles/feature_tests.cxx
Linking CXX executable cmTC_ffdee
/usr/bin/cmake -E cmake_link_script CMakeFiles/cmTC_ffdee.dir/link.txt --verbose=1
/usr/bin/c++       -rdynamic CMakeFiles/cmTC_ffdee.dir/feature_tests.cxx.o  -o cmTC_ffdee 
make[1]: Leaving directory '/home/red-sea/COSSIM/hla/certi/build-certi/CMakeFiles/CMakeTmp'


    Feature record: CXX_FEATURE:0cxx_aggregate_default_initializers
    Feature record: CXX_FEATURE:1cxx_alias_templates
    Feature record: CXX_FEATURE:1cxx_alignas
    Feature record: CXX_FEATURE:1cxx_alignof
    Feature record: CXX_FEATURE:1cxx_attributes
    Feature record: CXX_FEATURE:0cxx_attribute_deprecated
    Feature record: CXX_FEATURE:1cxx_auto_type
    Feature record: CXX_FEATURE:0cxx_binary_literals
    Feature record: CXX_FEATURE:1cxx_constexpr
    Feature record: CXX_FEATURE:0cxx_contextual_conversions
    Feature record: CXX_FEATURE:1cxx_decltype
    Feature record: CXX_FEATURE:0cxx_decltype_auto
    Feature record: CXX_FEATURE:1cxx_decltype_incomplete_return_types
    Feature record: CXX_FEATURE:1cxx_default_function_template_args
    Feature record: CXX_FEATURE:1cxx_defaulted_functions
    Feature record: CXX_FEATURE:1cxx_defaulted_move_initializers
    Feature record: CXX_FEATURE:1cxx_delegating_constructors
    Feature record: CXX_FEATURE:1cxx_deleted_functions
    Feature record: CXX_FEATURE:0cxx_digit_separators
    Feature record: CXX_FEATURE:1cxx_enum_forward_declarations
    Feature record: CXX_FEATURE:1cxx_explicit_conversions
    Feature record: CXX_FEATURE:1cxx_extended_friend_declarations
    Feature record: CXX_FEATURE:1cxx_extern_templates
    Feature record: CXX_FEATURE:1cxx_final
    Feature record: CXX_FEATURE:1cxx_func_identifier
    Feature record: CXX_FEATURE:1cxx_generalized_initializers
    Feature record: CXX_FEATURE:0cxx_generic_lambdas
    Feature record: CXX_FEATURE:1cxx_inheriting_constructors
    Feature record: CXX_FEATURE:1cxx_inline_namespaces
    Feature record: CXX_FEATURE:1cxx_lambdas
    Feature record: CXX_FEATURE:0cxx_lambda_init_captures
    Feature record: CXX_FEATURE:1cxx_local_type_template_args
    Feature record: CXX_FEATURE:1cxx_long_long_type
    Feature record: CXX_FEATURE:1cxx_noexcept
    Feature record: CXX_FEATURE:1cxx_nonstatic_member_init
    Feature record: CXX_FEATURE:1cxx_nullptr
    Feature record: CXX_FEATURE:1cxx_override
    Feature record: CXX_FEATURE:1cxx_range_for
    Feature record: CXX_FEATURE:1cxx_raw_string_literals
    Feature record: CXX_FEATURE:1cxx_reference_qualified_functions
    Feature record: CXX_FEATURE:0cxx_relaxed_constexpr
    Feature record: CXX_FEATURE:0cxx_return_type_deduction
    Feature record: CXX_FEATURE:1cxx_right_angle_brackets
    Feature record: CXX_FEATURE:1cxx_rvalue_references
    Feature record: CXX_FEATURE:1cxx_sizeof_member
    Feature record: CXX_FEATURE:1cxx_static_assert
    Feature record: CXX_FEATURE:1cxx_strong_enums
    Feature record: CXX_FEATURE:1cxx_template_template_parameters
    Feature record: CXX_FEATURE:1cxx_thread_local
    Feature record: CXX_FEATURE:1cxx_trailing_return_types
    Feature record: CXX_FEATURE:1cxx_unicode_literals
    Feature record: CXX_FEATURE:1cxx_uniform_initialization
    Feature record: CXX_FEATURE:1cxx_unrestricted_unions
    Feature record: CXX_FEATURE:1cxx_user_literals
    Feature record: CXX_FEATURE:0cxx_variable_templates
    Feature record: CXX_FEATURE:1cxx_variadic_macros
    Feature record: CXX_FEATURE:1cxx_variadic_templates


Detecting CXX [-std=c++98] compiler features compiled with the following output:
Change Dir: /home/red-sea/COSSIM/hla/certi/build-certi/CMakeFiles/CMakeTmp

Run Build Command:"/usr/bin/make" "cmTC_83945/fast"
/usr/bin/make -f CMakeFiles/cmTC_83945.dir/build.make CMakeFiles/cmTC_83945.dir/build
make[1]: Entering directory '/home/red-sea/COSSIM/hla/certi/build-certi/CMakeFiles/CMakeTmp'
Building CXX object CMakeFiles/cmTC_83945.dir/feature_tests.cxx.o
/usr/bin/c++    -std=c++98 -o CMakeFiles/cmTC_83945.dir/feature_tests.cxx.o -c /home/red-sea/COSSIM/hla/certi/build-certi/CMakeFiles/feature_tests.cxx
Linking CXX executable cmTC_83945
/usr/bin/cmake -E cmake_link_script CMakeFiles/cmTC_83945.dir/link.txt --verbose=1
/usr/bin/c++       -rdynamic CMakeFiles/cmTC_83945.dir/feature_tests.cxx.o  -o cmTC_83945 
make[1]: Leaving directory '/home/red-sea/COSSIM/hla/certi/build-certi/CMakeFiles/CMakeTmp'


    Feature record: CXX_FEATURE:0cxx_aggregate_default_initializers
    Feature record: CXX_FEATURE:0cxx_alias_templates
    Feature record: CXX_FEATURE:0cxx_alignas
    Feature record: CXX_FEATURE:0cxx_alignof
    Feature record: CXX_FEATURE:0cxx_attributes
    Feature record: CXX_FEATURE:0cxx_attribute_deprecated
    Feature record: CXX_FEATURE:0cxx_auto_type
    Feature record: CXX_FEATURE:0cxx_binary_literals
    Feature record: CXX_FEATURE:0cxx_constexpr
    Feature record: CXX_FEATURE:0cxx_contextual_conversions
    Feature record: CXX_FEATURE:0cxx_decltype
    Feature record: CXX_FEATURE:0cxx_decltype_auto
    Feature record: CXX_FEATURE:0cxx_decltype_incomplete_return_types
    Feature record: CXX_FEATURE:0cxx_default_function_template_args
    Feature record: CXX_FEATURE:0cxx_defaulted_functions
    Feature record: CXX_FEATURE:0cxx_defaulted_move_initializers
    Feature record: CXX_FEATURE:0cxx_delegating_constructors
    Feature record: CXX_FEATURE:0cxx_deleted_functions
    Feature record: CXX_FEATURE:0cxx_digit_separators
    Feature record: CXX_FEATURE:0cxx_enum_forward_declarations
    Feature record: CXX_FEATURE:0cxx_explicit_conversions
    Feature record: CXX_FEATURE:0cxx_extended_friend_declarations
    Feature record: CXX_FEATURE:0cxx_extern_templates
    Feature record: CXX_FEATURE:0cxx_final
    Feature record: CXX_FEATURE:0cxx_func_identifier
    Feature record: CXX_FEATURE:0cxx_generalized_initializers
    Feature record: CXX_FEATURE:0cxx_generic_lambdas
    Feature record: CXX_FEATURE:0cxx_inheriting_constructors
    Feature record: CXX_FEATURE:0cxx_inline_namespaces
    Feature record: CXX_FEATURE:0cxx_lambdas
    Feature record: CXX_FEATURE:0cxx_lambda_init_captures
    Feature record: CXX_FEATURE:0cxx_local_type_template_args
    Feature record: CXX_FEATURE:0cxx_long_long_type
    Feature record: CXX_FEATURE:0cxx_noexcept
    Feature record: CXX_FEATURE:0cxx_nonstatic_member_init
    Feature record: CXX_FEATURE:0cxx_nullptr
    Feature record: CXX_FEATURE:0cxx_override
    Feature record: CXX_FEATURE:0cxx_range_for
    Feature record: CXX_FEATURE:0cxx_raw_string_literals
    Feature record: CXX_FEATURE:0cxx_reference_qualified_functions
    Feature record: CXX_FEATURE:0cxx_relaxed_constexpr
    Feature record: CXX_FEATURE:0cxx_return_type_deduction
    Feature record: CXX_FEATURE:0cxx_right_angle_brackets
    Feature record: CXX_FEATURE:0cxx_rvalue_references
    Feature record: CXX_FEATURE:0cxx_sizeof_member
    Feature record: CXX_FEATURE:0cxx_static_assert
    Feature record: CXX_FEATURE:0cxx_strong_enums
    Feature record: CXX_FEATURE:1cxx_template_template_parameters
    Feature record: CXX_FEATURE:0cxx_thread_local
    Feature record: CXX_FEATURE:0cxx_trailing_return_types
    Feature record: CXX_FEATURE:0cxx_unicode_literals
    Feature record: CXX_FEATURE:0cxx_uniform_initialization
    Feature record: CXX_FEATURE:0cxx_unrestricted_unions
    Feature record: CXX_FEATURE:0cxx_user_literals
    Feature record: CXX_FEATURE:0cxx_variable_templates
    Feature record: CXX_FEATURE:0cxx_variadic_macros
    Feature record: CXX_FEATURE:0cxx_variadic_templates
Compiling the C compiler identification source file "CMakeCCompilerId.c" succeeded.
Compiler: /usr/bin/cc 
Build flags: 
Id flags:  

The output was:
0


Compilation of the C compiler identification source "CMakeCCompilerId.c" produced "a.out"

The C compiler identification is GNU, found in "/home/red-sea/COSSIM/hla/certi/build-certi/CMakeFiles/3.10.2/CompilerIdC/a.out"

Determining if the C compiler works passed with the following output:
Change Dir: /home/red-sea/COSSIM/hla/certi/build-certi/CMakeFiles/CMakeTmp

Run Build Command:"/usr/bin/make" "cmTC_a13d1/fast"
/usr/bin/make -f CMakeFiles/cmTC_a13d1.dir/build.make CMakeFiles/cmTC_a13d1.dir/build
make[1]: Entering directory '/home/red-sea/COSSIM/hla/certi/build-certi/CMakeFiles/CMakeTmp'
Building C object CMakeFiles/cmTC_a13d1.dir/testCCompiler.c.o
/usr/bin/cc    -o CMakeFiles/cmTC_a13d1.dir/testCCompiler.c.o   -c /home/red-sea/COSSIM/hla/certi/build-certi/CMakeFiles/CMakeTmp/testCCompiler.c
Linking C executable cmTC_a13d1
/usr/bin/cmake -E cmake_link_script CMakeFiles/cmTC_a13d1.dir/link.txt --verbose=1
/usr/bin/cc      -rdynamic CMakeFiles/cmTC_a13d1.dir/testCCompiler.c.o  -o cmTC_a13d1 
make[1]: Leaving directory '/home/red-sea/COSSIM/hla/certi/build-certi/CMakeFiles/CMakeTmp'


Detecting C compiler ABI info compiled with the following output:
Change Dir: /home/red-sea/COSSIM/hla/certi/build-certi/CMakeFiles/CMakeTmp

Run Build Command:"/usr/bin/make" "cmTC_9dd37/fast"
/usr/bin/make -f CMakeFiles/cmTC_9dd37.dir/build.make CMakeFiles/cmTC_9dd37.dir/build
make[1]: Entering directory '/home/red-sea/COSSIM/hla/certi/build-certi/CMakeFiles/CMakeTmp'
Building C object CMakeFiles/cmTC_9dd37.dir/CMakeCCompilerABI.c.o
/usr/bin/cc    -o CMakeFiles/cmTC_9dd37.dir/CMakeCCompilerABI.c.o   -c /usr/share/cmake-3.10/Modules/CMakeCCompilerABI.c
Linking C executable cmTC_9dd37
/usr/bin/cmake -E cmake_link_script CMakeFiles/cmTC_9dd37.dir/link.txt --verbose=1
/usr/bin/cc     -v -rdynamic CMakeFiles/cmTC_9dd37.dir/CMakeCCompilerABI.c.o  -o cmTC_9dd37 
Using built-in specs.
COLLECT_GCC=/usr/bin/cc
COLLECT_LTO_WRAPPER=/usr/lib/gcc/x86_64-linux-gnu/7/lto-wrapper
OFFLOAD_TARGET_NAMES=nvptx-none
OFFLOAD_TARGET_DEFAULT=1
Target: x86_64-linux-gnu
Configured with: ../src/configure -v --with-pkgversion='Ubuntu 7.5.0-3ubuntu1~18.04' --with-bugurl=file:///usr/share/doc/gcc-7/README.Bugs --enable-languages=c,ada,c++,go,brig,d,fortran,objc,obj-c++ --prefix=/usr --with-gcc-major-version-only --program-suffix=-7 --program-prefix=x86_64-linux-gnu- --enable-shared --enable-linker-build-id --libexecdir=/usr/lib --without-included-gettext --enable-threads=posix --libdir=/usr/lib --enable-nls --enable-bootstrap --enable-clocale=gnu --enable-libstdcxx-debug --enable-libstdcxx-time=yes --with-default-libstdcxx-abi=new --enable-gnu-unique-object --disable-vtable-verify --enable-libmpx --enable-plugin --enable-default-pie --with-system-zlib --with-target-system-zlib --enable-objc-gc=auto --enable-multiarch --disable-werror --with-arch-32=i686 --with-abi=m64 --with-multilib-list=m32,m64,mx32 --enable-multilib --with-tune=generic --enable-offload-targets=nvptx-none --without-cuda-driver --enable-checking=release --build=x86_64-linux-gnu --host=x86_64-linux-gnu --target=x86_64-linux-gnu
Thread model: posix
gcc version 7.5.0 (Ubuntu 7.5.0-3ubuntu1~18.04) 
COMPILER_PATH=/usr/lib/gcc/x86_64-linux-gnu/7/:/usr/lib/gcc/x86_64-linux-gnu/7/:/usr/lib/gcc/x86_64-linux-gnu/:/usr/lib/gcc/x86_64-linux-gnu/7/:/usr/lib/gcc/x86_64-linux-gnu/
LIBRARY_PATH=/usr/lib/gcc/x86_64-linux-gnu/7/:/usr/lib/gcc/x86_64-linux-gnu/7/../../../x86_64-linux-gnu/:/usr/lib/gcc/x86_64-linux-gnu/7/../../../../lib/:/lib/x86_64-linux-gnu/:/lib/../lib/:/usr/lib/x86_64-linux-gnu/:/usr/lib/../lib/:/usr/lib/gcc/x86_64-linux-gnu/7/../../../:/lib/:/usr/lib/
COLLECT_GCC_OPTIONS='-v' '-rdynamic' '-o' 'cmTC_9dd37' '-mtune=generic' '-march=x86-64'
 /usr/lib/gcc/x86_64-linux-gnu/7/collect2 -plugin /usr/lib/gcc/x86_64-linux-gnu/7/liblto_plugin.so -plugin-opt=/usr/lib/gcc/x86_64-linux-gnu/7/lto-wrapper -plugin-opt=-fresolution=/tmp/ccl9YESQ.res -plugin-opt=-pass-through=-lgcc -plugin-opt=-pass-through=-lgcc_s -plugin-opt=-pass-through=-lc -plugin-opt=-pass-through=-lgcc -plugin-opt=-pass-through=-lgcc_s --build-id --eh-frame-hdr -m elf_x86_64 --hash-style=gnu --as-needed -export-dynamic -dynamic-linker /lib64/ld-linux-x86-64.so.2 -pie -z now -z relro -o cmTC_9dd37 /usr/lib/gcc/x86_64-linux-gnu/7/../../../x86_64-linux-gnu/Scrt1.o /usr/lib/gcc/x86_64-linux-gnu/7/../../../x86_64-linux-gnu/crti.o /usr/lib/gcc/x86_64-linux-gnu/7/crtbeginS.o -L/usr/lib/gcc/x86_64-linux-gnu/7 -L/usr/lib/gcc/x86_64-linux-gnu/7/../../../x86_64-linux-gnu -L/usr/lib/gcc/x86_64-linux-gnu/7/../../../../lib -L/lib/x86_64-linux-gnu -L/lib/../lib -L/usr/lib/x86_64-linux-gnu -L/usr/lib/../lib -L/usr/lib/gcc/x86_64-linux-gnu/7/../../.. CMakeFiles/cmTC_9dd37.dir/CMakeCCompilerABI.c.o -lgcc --push-state --as-needed -lgcc_s --pop-state -lc -lgcc --push-state --as-needed -lgcc_s --pop-state /usr/lib/gcc/x86_64-linux-gnu/7/crtendS.o /usr/lib/gcc/x86_64-linux-gnu/7/../../../x86_64-linux-gnu/crtn.o
COLLECT_GCC_OPTIONS='-v' '-rdynamic' '-o' 'cmTC_9dd37' '-mtune=generic' '-march=x86-64'
make[1]: Leaving directory '/home/red-sea/COSSIM/hla/certi/build-certi/CMakeFiles/CMakeTmp'


Parsed C implicit link information from above output:
  link line regex: [^( *|.*[/\])(ld|CMAKE_LINK_STARTFILE-NOTFOUND|([^/\]+-)?ld|collect2)[^/\]*( |$)]
  ignore line: [Change Dir: /home/red-sea/COSSIM/hla/certi/build-certi/CMakeFiles/CMakeTmp]
  ignore line: []
  ignore line: [Run Build Command:"/usr/bin/make" "cmTC_9dd37/fast"]
  ignore line: [/usr/bin/make -f CMakeFiles/cmTC_9dd37.dir/build.make CMakeFiles/cmTC_9dd37.dir/build]
  ignore line: [make[1]: Entering directory '/home/red-sea/COSSIM/hla/certi/build-certi/CMakeFiles/CMakeTmp']
  ignore line: [Building C object CMakeFiles/cmTC_9dd37.dir/CMakeCCompilerABI.c.o]
  ignore line: [/usr/bin/cc    -o CMakeFiles/cmTC_9dd37.dir/CMakeCCompilerABI.c.o   -c /usr/share/cmake-3.10/Modules/CMakeCCompilerABI.c]
  ignore line: [Linking C executable cmTC_9dd37]
  ignore line: [/usr/bin/cmake -E cmake_link_script CMakeFiles/cmTC_9dd37.dir/link.txt --verbose=1]
  ignore line: [/usr/bin/cc     -v -rdynamic CMakeFiles/cmTC_9dd37.dir/CMakeCCompilerABI.c.o  -o cmTC_9dd37 ]
  ignore line: [Using built-in specs.]
  ignore line: [COLLECT_GCC=/usr/bin/cc]
  ignore line: [COLLECT_LTO_WRAPPER=/usr/lib/gcc/x86_64-linux-gnu/7/lto-wrapper]
  ignore line: [OFFLOAD_TARGET_NAMES=nvptx-none]
  ignore line: [OFFLOAD_TARGET_DEFAULT=1]
  ignore line: [Target: x86_64-linux-gnu]
  ignore line: [Configured with: ../src/configure -v --with-pkgversion='Ubuntu 7.5.0-3ubuntu1~18.04' --with-bugurl=file:///usr/share/doc/gcc-7/README.Bugs --enable-languages=c,ada,c++,go,brig,d,fortran,objc,obj-c++ --prefix=/usr --with-gcc-major-version-only --program-suffix=-7 --program-prefix=x86_64-linux-gnu- --enable-shared --enable-linker-build-id --libexecdir=/usr/lib --without-included-gettext --enable-threads=posix --libdir=/usr/lib --enable-nls --enable-bootstrap --enable-clocale=gnu --enable-libstdcxx-debug --enable-libstdcxx-time=yes --with-default-libstdcxx-abi=new --enable-gnu-unique-object --disable-vtable-verify --enable-libmpx --enable-plugin --enable-default-pie --with-system-zlib --with-target-system-zlib --enable-objc-gc=auto --enable-multiarch --disable-werror --with-arch-32=i686 --with-abi=m64 --with-multilib-list=m32,m64,mx32 --enable-multilib --with-tune=generic --enable-offload-targets=nvptx-none --without-cuda-driver --enable-checking=release --build=x86_64-linux-gnu --host=x86_64-linux-gnu --target=x86_64-linux-gnu]
  ignore line: [Thread model: posix]
  ignore line: [gcc version 7.5.0 (Ubuntu 7.5.0-3ubuntu1~18.04) ]
  ignore line: [COMPILER_PATH=/usr/lib/gcc/x86_64-linux-gnu/7/:/usr/lib/gcc/x86_64-linux-gnu/7/:/usr/lib/gcc/x86_64-linux-gnu/:/usr/lib/gcc/x86_64-linux-gnu/7/:/usr/lib/gcc/x86_64-linux-gnu/]
  ignore line: [LIBRARY_PATH=/usr/lib/gcc/x86_64-linux-gnu/7/:/usr/lib/gcc/x86_64-linux-gnu/7/../../../x86_64-linux-gnu/:/usr/lib/gcc/x86_64-linux-gnu/7/../../../../lib/:/lib/x86_64-linux-gnu/:/lib/../lib/:/usr/lib/x86_64-linux-gnu/:/usr/lib/../lib/:/usr/lib/gcc/x86_64-linux-gnu/7/../../../:/lib/:/usr/lib/]
  ignore line: [COLLECT_GCC_OPTIONS='-v' '-rdynamic' '-o' 'cmTC_9dd37' '-mtune=generic' '-march=x86-64']
  link line: [ /usr/lib/gcc/x86_64-linux-gnu/7/collect2 -plugin /usr/lib/gcc/x86_64-linux-gnu/7/liblto_plugin.so -plugin-opt=/usr/lib/gcc/x86_64-linux-gnu/7/lto-wrapper -plugin-opt=-fresolution=/tmp/ccl9YESQ.res -plugin-opt=-pass-through=-lgcc -plugin-opt=-pass-through=-lgcc_s -plugin-opt=-pass-through=-lc -plugin-opt=-pass-through=-lgcc -plugin-opt=-pass-through=-lgcc_s --build-id --eh-frame-hdr -m elf_x86_64 --hash-style=gnu --as-needed -export-dynamic -dynamic-linker /lib64/ld-linux-x86-64.so.2 -pie -z now -z relro -o cmTC_9dd37 /usr/lib/gcc/x86_64-linux-gnu/7/../../../x86_64-linux-gnu/Scrt1.o /usr/lib/gcc/x86_64-linux-gnu/7/../../../x86_64-linux-gnu/crti.o /usr/lib/gcc/x86_64-linux-gnu/7/crtbeginS.o -L/usr/lib/gcc/x86_64-linux-gnu/7 -L/usr/lib/gcc/x86_64-linux-gnu/7/../../../x86_64-linux-gnu -L/usr/lib/gcc/x86_64-linux-gnu/7/../../../../lib -L/lib/x86_64-linux-gnu -L/lib/../lib -L/usr/lib/x86_64-linux-gnu -L/usr/lib/../lib -L/usr/lib/gcc/x86_64-linux-gnu/7/../../.. CMakeFiles/cmTC_9dd37.dir/CMakeCCompilerABI.c.o -lgcc --push-state --as-needed -lgcc_s --pop-state -lc -lgcc --push-state --as-needed -lgcc_s --pop-state /usr/lib/gcc/x86_64-linux-gnu/7/crtendS.o /usr/lib/gcc/x86_64-linux-gnu/7/../../../x86_64-linux-gnu/crtn.o]
    arg [/usr/lib/gcc/x86_64-linux-gnu/7/collect2] ==> ignore
    arg [-plugin] ==> ignore
    arg [/usr/lib/gcc/x86_64-linux-gnu/7/liblto_plugin.so] ==> ignore
    arg [-plugin-opt=/usr/lib/gcc/x86_64-linux-gnu/7/lto-wrapper] ==> ignore
    arg [-plugin-opt=-fresolution=/tmp/ccl9YESQ.res] ==> ignore
    arg [-plugin-opt=-pass-through=-lgcc] ==> ignore
    arg [-plugin-opt=-pass-through=-lgcc_s] ==> ignore
    arg [-plugin-opt=-pass-through=-lc] ==> ignore
    arg [-plugin-opt=-pass-through=-lgcc] ==> ignore
    arg [-plugin-opt=-pass-through=-lgcc_s] ==> ignore
    arg [--build-id] ==> ignore
    arg [--eh-frame-hdr] ==> ignore
    arg [-m] ==> ignore
    arg [elf_x86_64] ==> ignore
    arg [--hash-style=gnu] ==> ignore
    arg [--as-needed] ==> ignore
    arg [-export-dynamic] ==> ignore
    arg [-dynamic-linker] ==> ignore
    arg [/lib64/ld-linux-x86-64.so.2] ==> ignore
    arg [-pie] ==> ignore
    arg [-znow] ==> ignore
    arg [-zrelro] ==> ignore
    arg [-o] ==> ignore
    arg [cmTC_9dd37] ==> ignore
    arg [/usr/lib/gcc/x86_64-linux-gnu/7/../../../x86_64-linux-gnu/Scrt1.o] ==> ignore
    arg [/usr/lib/gcc/x86_64-linux-gnu/7/../../../x86_64-linux-gnu/crti.o] ==> ignore
    arg [/usr/lib/gcc/x86_64-linux-gnu/7/crtbeginS.o] ==> ignore
    arg [-L/usr/lib/gcc/x86_64-linux-gnu/7] ==> dir [/usr/lib/gcc/x86_64-linux-gnu/7]
    arg [-L/usr/lib/gcc/x86_64-linux-gnu/7/../../../x86_64-linux-gnu] ==> dir [/usr/lib/gcc/x86_64-linux-gnu/7/../../../x86_64-linux-gnu]
    arg [-L/usr/lib/gcc/x86_64-linux-gnu/7/../../../../lib] ==> dir [/usr/lib/gcc/x86_64-linux-gnu/7/../../../../lib]
    arg [-L/lib/x86_64-linux-gnu] ==> dir [/lib/x86_64-linux-gnu]
    arg [-L/lib/../lib] ==> dir [/lib/../lib]
    arg [-L/usr/lib/x86_64-linux-gnu] ==> dir [/usr/lib/x86_64-linux-gnu]
    arg [-L/usr/lib/../lib] ==> dir [/usr/lib/../lib]
    arg [-L/usr/lib/gcc/x86_64-linux-gnu/7/../../..] ==> dir [/usr/lib/gcc/x86_64-linux-gnu/7/../../..]
    arg [CMakeFiles/cmTC_9dd37.dir/CMakeCCompilerABI.c.o] ==> ignore
    arg [-lgcc] ==> lib [gcc]
    arg [--push-state] ==> ignore
    arg [--as-needed] ==> ignore
    arg [-lgcc_s] ==> lib [gcc_s]
    arg [--pop-state] ==> ignore
    arg [-lc] ==> lib [c]
    arg [-lgcc] ==> lib [gcc]
    arg [--push-state] ==> ignore
    arg [--as-needed] ==> ignore
    arg [-lgcc_s] ==> lib [gcc_s]
    arg [--pop-state] ==> ignore
    arg [/usr/lib/gcc/x86_64-linux-gnu/7/crtendS.o] ==> ignore
    arg [/usr/lib/gcc/x86_64-linux-gnu/7/../../../x86_64-linux-gnu/crtn.o] ==> ignore
  collapse library dir [/usr/lib/gcc/x86_64-linux-gnu/7] ==> [/usr/lib/gcc/x86_64-linux-gnu/7]
  collapse library dir [/usr/lib/gcc/x86_64-linux-gnu/7/../../../x86_64-linux-gnu] ==> [/usr/lib/x86_64-linux-gnu]
  collapse library dir [/usr/lib/gcc/x86_64-linux-gnu/7/../../../../lib] ==> [/usr/lib]
  collapse library dir [/lib/x86_64-linux-gnu] ==> [/lib/x86_64-linux-gnu]
  collapse library dir [/lib/../lib] ==> [/lib]
  collapse library dir [/usr/lib/x86_64-linux-gnu] ==> [/usr/lib/x86_64-linux-gnu]
  collapse library dir [/usr/lib/../lib] ==> [/usr/lib]
  collapse library dir [/usr/lib/gcc/x86_64-linux-gnu/7/../../..] ==> [/usr/lib]
  implicit libs: [gcc;gcc_s;c;gcc;gcc_s]
  implicit dirs: [/usr/lib/gcc/x86_64-linux-gnu/7;/usr/lib/x86_64-linux-gnu;/usr/lib;/lib/x86_64-linux-gnu;/lib]
  implicit fwks: []




Detecting C [-std=c11] compiler features compiled with the following output:
Change Dir: /home/red-sea/COSSIM/hla/certi/build-certi/CMakeFiles/CMakeTmp

Run Build Command:"/usr/bin/make" "cmTC_013fe/fast"
/usr/bin/make -f CMakeFiles/cmTC_013fe.dir/build.make CMakeFiles/cmTC_013fe.dir/build
make[1]: Entering directory '/home/red-sea/COSSIM/hla/certi/build-certi/CMakeFiles/CMakeTmp'
Building C object CMakeFiles/cmTC_013fe.dir/feature_tests.c.o
/usr/bin/cc   -std=c11 -o CMakeFiles/cmTC_013fe.dir/feature_tests.c.o   -c /home/red-sea/COSSIM/hla/certi/build-certi/CMakeFiles/feature_tests.c
Linking C executable cmTC_013fe
/usr/bin/cmake -E cmake_link_script CMakeFiles/cmTC_013fe.dir/link.txt --verbose=1
/usr/bin/cc      -rdynamic CMakeFiles/cmTC_013fe.dir/feature_tests.c.o  -o cmTC_013fe 
make[1]: Leaving directory '/home/red-sea/COSSIM/hla/certi/build-certi/CMakeFiles/CMakeTmp'


    Feature record: C_FEATURE:1c_function_prototypes
    Feature record: C_FEATURE:1c_restrict
    Feature record: C_FEATURE:1c_static_assert
    Feature record: C_FEATURE:1c_variadic_macros


Detecting C [-std=c99] compiler features compiled with the following output:
Change Dir: /home/red-sea/COSSIM/hla/certi/build-certi/CMakeFiles/CMakeTmp

Run Build Command:"/usr/bin/make" "cmTC_3440e/fast"
/usr/bin/make -f CMakeFiles/cmTC_3440e.dir/build.make CMakeFiles/cmTC_3440e.dir/build
make[1]: Entering directory '/home/red-sea/COSSIM/hla/certi/build-certi/CMakeFiles/CMakeTmp'
Building C object CMakeFiles/cmTC_3440e.dir/feature_tests.c.o
/usr/bin/cc   -std=c99 -o CMakeFiles/cmTC_3440e.dir/feature_tests.c.o   -c /home/red-sea/COSSIM/hla/certi/build-certi/CMakeFiles/feature_tests.c
Linking C executable cmTC_3440e
/usr/bin/cmake -E cmake_link_script CMakeFiles/cmTC_3440e.dir/link.txt --verbose=1
/usr/bin/cc      -rdynamic CMakeFiles/cmTC_3440e.dir/feature_tests.c.o  -o cmTC_3440e 
make[1]: Leaving directory '/home/red-sea/COSSIM/hla/certi/build-certi/CMakeFiles/CMakeTmp'


    Feature record: C_FEATURE:1c_function_prototypes
    Feature record: C_FEATURE:1c_restrict
    Feature record: C_FEATURE:0c_static_assert
    Feature record: C_FEATURE:1c_variadic_macros


Detecting C [-std=c90] compiler features compiled with the following output:
Change Dir: /home/red-sea/COSSIM/hla/certi/build-certi/CMakeFiles/CMakeTmp

Run Build Command:"/usr/bin/make" "cmTC_03681/fast"
/usr/bin/make -f CMakeFiles/cmTC_03681.dir/build.make CMakeFiles/cmTC_03681.dir/build
make[1]: Entering directory '/home/red-sea/COSSIM/hla/certi/build-certi/CMakeFiles/CMakeTmp'
Building C object CMakeFiles/cmTC_03681.dir/feature_tests.c.o
/usr/bin/cc   -std=c90 -o CMakeFiles/cmTC_03681.dir/feature_tests.c.o   -c /home/red-sea/COSSIM/hla/certi/build-certi/CMakeFiles/feature_tests.c
Linking C executable cmTC_03681
/usr/bin/cmake -E cmake_link_script CMakeFiles/cmTC_03681.dir/link.txt --verbose=1
/usr/bin/cc      -rdynamic CMakeFiles/cmTC_03681.dir/feature_tests.c.o  -o cmTC_03681 
make[1]: Leaving directory '/home/red-sea/COSSIM/hla/certi/build-certi/CMakeFiles/CMakeTmp'


    Feature record: C_FEATURE:1c_function_prototypes
    Feature record: C_FEATURE:0c_restrict
    Feature record: C_FEATURE:0c_static_assert
    Feature record: C_FEATURE:0c_variadic_macros
Determining if the include file sys/types.h exists passed with the following output:
Change Dir: /home/red-sea/COSSIM/hla/certi/build-certi/CMakeFiles/CMakeTmp

Run Build Command:"/usr/bin/make" "cmTC_28d2a/fast"
/usr/bin/make -f CMakeFiles/cmTC_28d2a.dir/build.make CMakeFiles/cmTC_28d2a.dir/build
make[1]: Entering directory '/home/red-sea/COSSIM/hla/certi/build-certi/CMakeFiles/CMakeTmp'
Building C object CMakeFiles/cmTC_28d2a.dir/CheckIncludeFile.c.o
/usr/bin/cc    -o CMakeFiles/cmTC_28d2a.dir/CheckIncludeFile.c.o   -c /home/red-sea/COSSIM/hla/certi/build-certi/CMakeFiles/CMakeTmp/CheckIncludeFile.c
Linking C executable cmTC_28d2a
/usr/bin/cmake -E cmake_link_script CMakeFiles/cmTC_28d2a.dir/link.txt --verbose=1
/usr/bin/cc      -rdynamic CMakeFiles/cmTC_28d2a.dir/CheckIncludeFile.c.o  -o cmTC_28d2a 
make[1]: Leaving directory '/home/red-sea/COSSIM/hla/certi/build-certi/CMakeFiles/CMakeTmp'


Determining if the include file stdint.h exists passed with the following output:
Change Dir: /home/red-sea/COSSIM/hla/certi/build-certi/CMakeFiles/CMakeTmp

Run Build Command:"/usr/bin/make" "cmTC_2db10/fast"
/usr/bin/make -f CMakeFiles/cmTC_2db10.dir/build.make CMakeFiles/cmTC_2db10.dir/build
make[1]: Entering directory '/home/red-sea/COSSIM/hla/certi/build-certi/CMakeFiles/CMakeTmp'
Building C object CMakeFiles/cmTC_2db10.dir/CheckIncludeFile.c.o
/usr/bin/cc    -o CMakeFiles/cmTC_2db10.dir/CheckIncludeFile.c.o   -c /home/red-sea/COSSIM/hla/certi/build-certi/CMakeFiles/CMakeTmp/CheckIncludeFile.c
Linking C executable cmTC_2db10
/usr/bin/cmake -E cmake_link_script CMakeFiles/cmTC_2db10.dir/link.txt --verbose=1
/usr/bin/cc      -rdynamic CMakeFiles/cmTC_2db10.dir/CheckIncludeFile.c.o  -o cmTC_2db10 
make[1]: Leaving directory '/home/red-sea/COSSIM/hla/certi/build-certi/CMakeFiles/CMakeTmp'


Determining if the include file stddef.h exists passed with the following output:
Change Dir: /home/red-sea/COSSIM/hla/certi/build-certi/CMakeFiles/CMakeTmp

Run Build Command:"/usr/bin/make" "cmTC_d77ff/fast"
/usr/bin/make -f CMakeFiles/cmTC_d77ff.dir/build.make CMakeFiles/cmTC_d77ff.dir/build
make[1]: Entering directory '/home/red-sea/COSSIM/hla/certi/build-certi/CMakeFiles/CMakeTmp'
Building C object CMakeFiles/cmTC_d77ff.dir/CheckIncludeFile.c.o
/usr/bin/cc    -o CMakeFiles/cmTC_d77ff.dir/CheckIncludeFile.c.o   -c /home/red-sea/COSSIM/hla/certi/build-certi/CMakeFiles/CMakeTmp/CheckIncludeFile.c
Linking C executable cmTC_d77ff
/usr/bin/cmake -E cmake_link_script CMakeFiles/cmTC_d77ff.dir/link.txt --verbose=1
/usr/bin/cc      -rdynamic CMakeFiles/cmTC_d77ff.dir/CheckIncludeFile.c.o  -o cmTC_d77ff 
make[1]: Leaving directory '/home/red-sea/COSSIM/hla/certi/build-certi/CMakeFiles/CMakeTmp'


Determining size of unsigned short passed with the following output:
Change Dir: /home/red-sea/COSSIM/hla/certi/build-certi/CMakeFiles/CMakeTmp

Run Build Command:"/usr/bin/make" "cmTC_14a5c/fast"
/usr/bin/make -f CMakeFiles/cmTC_14a5c.dir/build.make CMakeFiles/cmTC_14a5c.dir/build
make[1]: Entering directory '/home/red-sea/COSSIM/hla/certi/build-certi/CMakeFiles/CMakeTmp'
Building C object CMakeFiles/cmTC_14a5c.dir/CMAKE_SIZEOF_UNSIGNED_SHORT.c.o
/usr/bin/cc    -o CMakeFiles/cmTC_14a5c.dir/CMAKE_SIZEOF_UNSIGNED_SHORT.c.o   -c /home/red-sea/COSSIM/hla/certi/build-certi/CMakeFiles/CheckTypeSize/CMAKE_SIZEOF_UNSIGNED_SHORT.c
Linking C executable cmTC_14a5c
/usr/bin/cmake -E cmake_link_script CMakeFiles/cmTC_14a5c.dir/link.txt --verbose=1
/usr/bin/cc      -rdynamic CMakeFiles/cmTC_14a5c.dir/CMAKE_SIZEOF_UNSIGNED_SHORT.c.o  -o cmTC_14a5c 
make[1]: Leaving directory '/home/red-sea/COSSIM/hla/certi/build-certi/CMakeFiles/CMakeTmp'


Determining if the system is big endian passed with the following output:
Change Dir: /home/red-sea/COSSIM/hla/certi/build-certi/CMakeFiles/CMakeTmp

Run Build Command:"/usr/bin/make" "cmTC_18811/fast"
/usr/bin/make -f CMakeFiles/cmTC_18811.dir/build.make CMakeFiles/cmTC_18811.dir/build
make[1]: Entering directory '/home/red-sea/COSSIM/hla/certi/build-certi/CMakeFiles/CMakeTmp'
Building C object CMakeFiles/cmTC_18811.dir/TestEndianess.c.o
/usr/bin/cc    -o CMakeFiles/cmTC_18811.dir/TestEndianess.c.o   -c /home/red-sea/COSSIM/hla/certi/build-certi/CMakeFiles/CMakeTmp/TestEndianess.c
Linking C executable cmTC_18811
/usr/bin/cmake -E cmake_link_script CMakeFiles/cmTC_18811.dir/link.txt --verbose=1
/usr/bin/cc      -rdynamic CMakeFiles/cmTC_18811.dir/TestEndianess.c.o  -o cmTC_18811 
make[1]: Leaving directory '/home/red-sea/COSSIM/hla/certi/build-certi/CMakeFiles/CMakeTmp'

TestEndianess.c:
/* A 16 bit integer is required. */
typedef unsigned short cmakeint16;

/* On a little endian machine, these 16bit ints will give "THIS IS LITTLE ENDIAN."
   On a big endian machine the characters will be exchanged pairwise. */
const cmakeint16 info_little[] =  {0x4854, 0x5349, 0x4920, 0x2053, 0x494c, 0x5454, 0x454c, 0x4520, 0x444e, 0x4149, 0x2e4e, 0x0000};

/* on a big endian machine, these 16bit ints will give "THIS IS BIG ENDIAN."
   On a little endian machine the characters will be exchanged pairwise. */
const cmakeint16 info_big[] =     {0x5448, 0x4953, 0x2049, 0x5320, 0x4249, 0x4720, 0x454e, 0x4449, 0x414e, 0x2e2e, 0x0000};

#ifdef __CLASSIC_C__
int main(argc, argv) int argc; char *argv[];
#else
int main(int argc, char *argv[])
#endif
{
  int require = 0;
  require += info_little[argc];
  require += info_big[argc];
  (void)argv;
  return require;
}


Determining if the include file time.h exists passed with the following output:
Change Dir: /home/red-sea/COSSIM/hla/certi/build-certi/CMakeFiles/CMakeTmp

Run Build Command:"/usr/bin/make" "cmTC_234d7/fast"
/usr/bin/make -f CMakeFiles/cmTC_234d7.dir/build.make CMakeFiles/cmTC_234d7.dir/build
make[1]: Entering directory '/home/red-sea/COSSIM/hla/certi/build-certi/CMakeFiles/CMakeTmp'
Building C object CMakeFiles/cmTC_234d7.dir/CheckIncludeFile.c.o
/usr/bin/cc   -fmessage-length=0 -fvisibility=hidden -pedantic -ansi -Wall -Wno-unused-function    -o CMakeFiles/cmTC_234d7.dir/CheckIncludeFile.c.o   -c /home/red-sea/COSSIM/hla/certi/build-certi/CMakeFiles/CMakeTmp/CheckIncludeFile.c
Linking C executable cmTC_234d7
/usr/bin/cmake -E cmake_link_script CMakeFiles/cmTC_234d7.dir/link.txt --verbose=1
/usr/bin/cc  -fmessage-length=0 -fvisibility=hidden -pedantic -ansi -Wall -Wno-unused-function     -rdynamic CMakeFiles/cmTC_234d7.dir/CheckIncludeFile.c.o  -o cmTC_234d7 
make[1]: Leaving directory '/home/red-sea/COSSIM/hla/certi/build-certi/CMakeFiles/CMakeTmp'


Determining if the function clock_gettime exists passed with the following output:
Change Dir: /home/red-sea/COSSIM/hla/certi/build-certi/CMakeFiles/CMakeTmp

Run Build Command:"/usr/bin/make" "cmTC_f3191/fast"
/usr/bin/make -f CMakeFiles/cmTC_f3191.dir/build.make CMakeFiles/cmTC_f3191.dir/build
make[1]: Entering directory '/home/red-sea/COSSIM/hla/certi/build-certi/CMakeFiles/CMakeTmp'
Building C object CMakeFiles/cmTC_f3191.dir/CheckFunctionExists.c.o
/usr/bin/cc   -fmessage-length=0 -fvisibility=hidden -pedantic -ansi -Wall -Wno-unused-function -DCHECK_FUNCTION_EXISTS=clock_gettime   -o CMakeFiles/cmTC_f3191.dir/CheckFunctionExists.c.o   -c /usr/share/cmake-3.10/Modules/CheckFunctionExists.c
Linking C executable cmTC_f3191
/usr/bin/cmake -E cmake_link_script CMakeFiles/cmTC_f3191.dir/link.txt --verbose=1
/usr/bin/cc  -fmessage-length=0 -fvisibility=hidden -pedantic -ansi -Wall -Wno-unused-function -DCHECK_FUNCTION_EXISTS=clock_gettime    -rdynamic CMakeFiles/cmTC_f3191.dir/CheckFunctionExists.c.o  -o cmTC_f3191 /usr/lib/x86_64-linux-gnu/librt.so 
make[1]: Leaving directory '/home/red-sea/COSSIM/hla/certi/build-certi/CMakeFiles/CMakeTmp'


Determining if the function clock_settime exists passed with the following output:
Change Dir: /home/red-sea/COSSIM/hla/certi/build-certi/CMakeFiles/CMakeTmp

Run Build Command:"/usr/bin/make" "cmTC_0fc9e/fast"
/usr/bin/make -f CMakeFiles/cmTC_0fc9e.dir/build.make CMakeFiles/cmTC_0fc9e.dir/build
make[1]: Entering directory '/home/red-sea/COSSIM/hla/certi/build-certi/CMakeFiles/CMakeTmp'
Building C object CMakeFiles/cmTC_0fc9e.dir/CheckFunctionExists.c.o
/usr/bin/cc   -fmessage-length=0 -fvisibility=hidden -pedantic -ansi -Wall -Wno-unused-function -DCHECK_FUNCTION_EXISTS=clock_settime   -o CMakeFiles/cmTC_0fc9e.dir/CheckFunctionExists.c.o   -c /usr/share/cmake-3.10/Modules/CheckFunctionExists.c
Linking C executable cmTC_0fc9e
/usr/bin/cmake -E cmake_link_script CMakeFiles/cmTC_0fc9e.dir/link.txt --verbose=1
/usr/bin/cc  -fmessage-length=0 -fvisibility=hidden -pedantic -ansi -Wall -Wno-unused-function -DCHECK_FUNCTION_EXISTS=clock_settime    -rdynamic CMakeFiles/cmTC_0fc9e.dir/CheckFunctionExists.c.o  -o cmTC_0fc9e /usr/lib/x86_64-linux-gnu/librt.so 
make[1]: Leaving directory '/home/red-sea/COSSIM/hla/certi/build-certi/CMakeFiles/CMakeTmp'


Determining if the function clock_getres exists passed with the following output:
Change Dir: /home/red-sea/COSSIM/hla/certi/build-certi/CMakeFiles/CMakeTmp

Run Build Command:"/usr/bin/make" "cmTC_b3924/fast"
/usr/bin/make -f CMakeFiles/cmTC_b3924.dir/build.make CMakeFiles/cmTC_b3924.dir/build
make[1]: Entering directory '/home/red-sea/COSSIM/hla/certi/build-certi/CMakeFiles/CMakeTmp'
Building C object CMakeFiles/cmTC_b3924.dir/CheckFunctionExists.c.o
/usr/bin/cc   -fmessage-length=0 -fvisibility=hidden -pedantic -ansi -Wall -Wno-unused-function -DCHECK_FUNCTION_EXISTS=clock_getres   -o CMakeFiles/cmTC_b3924.dir/CheckFunctionExists.c.o   -c /usr/share/cmake-3.10/Modules/CheckFunctionExists.c
Linking C executable cmTC_b3924
/usr/bin/cmake -E cmake_link_script CMakeFiles/cmTC_b3924.dir/link.txt --verbose=1
/usr/bin/cc  -fmessage-length=0 -fvisibility=hidden -pedantic -ansi -Wall -Wno-unused-function -DCHECK_FUNCTION_EXISTS=clock_getres    -rdynamic CMakeFiles/cmTC_b3924.dir/CheckFunctionExists.c.o  -o cmTC_b3924 /usr/lib/x86_64-linux-gnu/librt.so 
make[1]: Leaving directory '/home/red-sea/COSSIM/hla/certi/build-certi/CMakeFiles/CMakeTmp'


Determining if the function clock_nanosleep exists passed with the following output:
Change Dir: /home/red-sea/COSSIM/hla/certi/build-certi/CMakeFiles/CMakeTmp

Run Build Command:"/usr/bin/make" "cmTC_4160c/fast"
/usr/bin/make -f CMakeFiles/cmTC_4160c.dir/build.make CMakeFiles/cmTC_4160c.dir/build
make[1]: Entering directory '/home/red-sea/COSSIM/hla/certi/build-certi/CMakeFiles/CMakeTmp'
Building C object CMakeFiles/cmTC_4160c.dir/CheckFunctionExists.c.o
/usr/bin/cc   -fmessage-length=0 -fvisibility=hidden -pedantic -ansi -Wall -Wno-unused-function -DCHECK_FUNCTION_EXISTS=clock_nanosleep   -o CMakeFiles/cmTC_4160c.dir/CheckFunctionExists.c.o   -c /usr/share/cmake-3.10/Modules/CheckFunctionExists.c
Linking C executable cmTC_4160c
/usr/bin/cmake -E cmake_link_script CMakeFiles/cmTC_4160c.dir/link.txt --verbose=1
/usr/bin/cc  -fmessage-length=0 -fvisibility=hidden -pedantic -ansi -Wall -Wno-unused-function -DCHECK_FUNCTION_EXISTS=clock_nanosleep    -rdynamic CMakeFiles/cmTC_4160c.dir/CheckFunctionExists.c.o  -o cmTC_4160c /usr/lib/x86_64-linux-gnu/librt.so 
make[1]: Leaving directory '/home/red-sea/COSSIM/hla/certi/build-certi/CMakeFiles/CMakeTmp'


Determining if the include file sys/time.h exists passed with the following output:
Change Dir: /home/red-sea/COSSIM/hla/certi/build-certi/CMakeFiles/CMakeTmp

Run Build Command:"/usr/bin/make" "cmTC_b1d71/fast"
/usr/bin/make -f CMakeFiles/cmTC_b1d71.dir/build.make CMakeFiles/cmTC_b1d71.dir/build
make[1]: Entering directory '/home/red-sea/COSSIM/hla/certi/build-certi/CMakeFiles/CMakeTmp'
Building C object CMakeFiles/cmTC_b1d71.dir/CheckIncludeFile.c.o
/usr/bin/cc   -fmessage-length=0 -fvisibility=hidden -pedantic -ansi -Wall -Wno-unused-function    -o CMakeFiles/cmTC_b1d71.dir/CheckIncludeFile.c.o   -c /home/red-sea/COSSIM/hla/certi/build-certi/CMakeFiles/CMakeTmp/CheckIncludeFile.c
Linking C executable cmTC_b1d71
/usr/bin/cmake -E cmake_link_script CMakeFiles/cmTC_b1d71.dir/link.txt --verbose=1
/usr/bin/cc  -fmessage-length=0 -fvisibility=hidden -pedantic -ansi -Wall -Wno-unused-function     -rdynamic CMakeFiles/cmTC_b1d71.dir/CheckIncludeFile.c.o  -o cmTC_b1d71 
make[1]: Leaving directory '/home/red-sea/COSSIM/hla/certi/build-certi/CMakeFiles/CMakeTmp'


Determining if the function gettimeofday exists passed with the following output:
Change Dir: /home/red-sea/COSSIM/hla/certi/build-certi/CMakeFiles/CMakeTmp

Run Build Command:"/usr/bin/make" "cmTC_37b84/fast"
/usr/bin/make -f CMakeFiles/cmTC_37b84.dir/build.make CMakeFiles/cmTC_37b84.dir/build
make[1]: Entering directory '/home/red-sea/COSSIM/hla/certi/build-certi/CMakeFiles/CMakeTmp'
Building C object CMakeFiles/cmTC_37b84.dir/CheckFunctionExists.c.o
/usr/bin/cc   -fmessage-length=0 -fvisibility=hidden -pedantic -ansi -Wall -Wno-unused-function -DCHECK_FUNCTION_EXISTS=gettimeofday   -o CMakeFiles/cmTC_37b84.dir/CheckFunctionExists.c.o   -c /usr/share/cmake-3.10/Modules/CheckFunctionExists.c
Linking C executable cmTC_37b84
/usr/bin/cmake -E cmake_link_script CMakeFiles/cmTC_37b84.dir/link.txt --verbose=1
/usr/bin/cc  -fmessage-length=0 -fvisibility=hidden -pedantic -ansi -Wall -Wno-unused-function -DCHECK_FUNCTION_EXISTS=gettimeofday    -rdynamic CMakeFiles/cmTC_37b84.dir/CheckFunctionExists.c.o  -o cmTC_37b84 /usr/lib/x86_64-linux-gnu/librt.so 
make[1]: Leaving directory '/home/red-sea/COSSIM/hla/certi/build-certi/CMakeFiles/CMakeTmp'


Determining if the function XOpenDisplay exists in the /usr/lib/x86_64-linux-gnu/libX11.so passed with the following output:
Change Dir: /home/red-sea/COSSIM/hla/certi/build-certi/CMakeFiles/CMakeTmp

Run Build Command:"/usr/bin/make" "cmTC_19163/fast"
/usr/bin/make -f CMakeFiles/cmTC_19163.dir/build.make CMakeFiles/cmTC_19163.dir/build
make[1]: Entering directory '/home/red-sea/COSSIM/hla/certi/build-certi/CMakeFiles/CMakeTmp'
Building C object CMakeFiles/cmTC_19163.dir/CheckFunctionExists.c.o
/usr/bin/cc   -fmessage-length=0 -fvisibility=hidden -pedantic -ansi -Wall -Wno-unused-function -DCHECK_FUNCTION_EXISTS=XOpenDisplay   -o CMakeFiles/cmTC_19163.dir/CheckFunctionExists.c.o   -c /usr/share/cmake-3.10/Modules/CheckFunctionExists.c
Linking C executable cmTC_19163
/usr/bin/cmake -E cmake_link_script CMakeFiles/cmTC_19163.dir/link.txt --verbose=1
/usr/bin/cc  -fmessage-length=0 -fvisibility=hidden -pedantic -ansi -Wall -Wno-unused-function -DCHECK_FUNCTION_EXISTS=XOpenDisplay    -rdynamic CMakeFiles/cmTC_19163.dir/CheckFunctionExists.c.o  -o cmTC_19163 /usr/lib/x86_64-linux-gnu/libX11.so /usr/lib/x86_64-linux-gnu/librt.so 
make[1]: Leaving directory '/home/red-sea/COSSIM/hla/certi/build-certi/CMakeFiles/CMakeTmp'


Determining if the function gethostbyname exists passed with the following output:
Change Dir: /home/red-sea/COSSIM/hla/certi/build-certi/CMakeFiles/CMakeTmp

Run Build Command:"/usr/bin/make" "cmTC_701e6/fast"
/usr/bin/make -f CMakeFiles/cmTC_701e6.dir/build.make CMakeFiles/cmTC_701e6.dir/build
make[1]: Entering directory '/home/red-sea/COSSIM/hla/certi/build-certi/CMakeFiles/CMakeTmp'
Building C object CMakeFiles/cmTC_701e6.dir/CheckFunctionExists.c.o
/usr/bin/cc   -fmessage-length=0 -fvisibility=hidden -pedantic -ansi -Wall -Wno-unused-function -DCHECK_FUNCTION_EXISTS=gethostbyname   -o CMakeFiles/cmTC_701e6.dir/CheckFunctionExists.c.o   -c /usr/share/cmake-3.10/Modules/CheckFunctionExists.c
Linking C executable cmTC_701e6
/usr/bin/cmake -E cmake_link_script CMakeFiles/cmTC_701e6.dir/link.txt --verbose=1
/usr/bin/cc  -fmessage-length=0 -fvisibility=hidden -pedantic -ansi -Wall -Wno-unused-function -DCHECK_FUNCTION_EXISTS=gethostbyname    -rdynamic CMakeFiles/cmTC_701e6.dir/CheckFunctionExists.c.o  -o cmTC_701e6 /usr/lib/x86_64-linux-gnu/librt.so 
make[1]: Leaving directory '/home/red-sea/COSSIM/hla/certi/build-certi/CMakeFiles/CMakeTmp'


Determining if the function connect exists passed with the following output:
Change Dir: /home/red-sea/COSSIM/hla/certi/build-certi/CMakeFiles/CMakeTmp

Run Build Command:"/usr/bin/make" "cmTC_14c19/fast"
/usr/bin/make -f CMakeFiles/cmTC_14c19.dir/build.make CMakeFiles/cmTC_14c19.dir/build
make[1]: Entering directory '/home/red-sea/COSSIM/hla/certi/build-certi/CMakeFiles/CMakeTmp'
Building C object CMakeFiles/cmTC_14c19.dir/CheckFunctionExists.c.o
/usr/bin/cc   -fmessage-length=0 -fvisibility=hidden -pedantic -ansi -Wall -Wno-unused-function -DCHECK_FUNCTION_EXISTS=connect   -o CMakeFiles/cmTC_14c19.dir/CheckFunctionExists.c.o   -c /usr/share/cmake-3.10/Modules/CheckFunctionExists.c
Linking C executable cmTC_14c19
/usr/bin/cmake -E cmake_link_script CMakeFiles/cmTC_14c19.dir/link.txt --verbose=1
/usr/bin/cc  -fmessage-length=0 -fvisibility=hidden -pedantic -ansi -Wall -Wno-unused-function -DCHECK_FUNCTION_EXISTS=connect    -rdynamic CMakeFiles/cmTC_14c19.dir/CheckFunctionExists.c.o  -o cmTC_14c19 /usr/lib/x86_64-linux-gnu/librt.so 
make[1]: Leaving directory '/home/red-sea/COSSIM/hla/certi/build-certi/CMakeFiles/CMakeTmp'


Determining if the function remove exists passed with the following output:
Change Dir: /home/red-sea/COSSIM/hla/certi/build-certi/CMakeFiles/CMakeTmp

Run Build Command:"/usr/bin/make" "cmTC_92b71/fast"
/usr/bin/make -f CMakeFiles/cmTC_92b71.dir/build.make CMakeFiles/cmTC_92b71.dir/build
make[1]: Entering directory '/home/red-sea/COSSIM/hla/certi/build-certi/CMakeFiles/CMakeTmp'
Building C object CMakeFiles/cmTC_92b71.dir/CheckFunctionExists.c.o
/usr/bin/cc   -fmessage-length=0 -fvisibility=hidden -pedantic -ansi -Wall -Wno-unused-function -DCHECK_FUNCTION_EXISTS=remove   -o CMakeFiles/cmTC_92b71.dir/CheckFunctionExists.c.o   -c /usr/share/cmake-3.10/Modules/CheckFunctionExists.c
Linking C executable cmTC_92b71
/usr/bin/cmake -E cmake_link_script CMakeFiles/cmTC_92b71.dir/link.txt --verbose=1
/usr/bin/cc  -fmessage-length=0 -fvisibility=hidden -pedantic -ansi -Wall -Wno-unused-function -DCHECK_FUNCTION_EXISTS=remove    -rdynamic CMakeFiles/cmTC_92b71.dir/CheckFunctionExists.c.o  -o cmTC_92b71 /usr/lib/x86_64-linux-gnu/librt.so 
make[1]: Leaving directory '/home/red-sea/COSSIM/hla/certi/build-certi/CMakeFiles/CMakeTmp'


Determining if the function shmat exists passed with the following output:
Change Dir: /home/red-sea/COSSIM/hla/certi/build-certi/CMakeFiles/CMakeTmp

Run Build Command:"/usr/bin/make" "cmTC_a19fe/fast"
/usr/bin/make -f CMakeFiles/cmTC_a19fe.dir/build.make CMakeFiles/cmTC_a19fe.dir/build
make[1]: Entering directory '/home/red-sea/COSSIM/hla/certi/build-certi/CMakeFiles/CMakeTmp'
Building C object CMakeFiles/cmTC_a19fe.dir/CheckFunctionExists.c.o
/usr/bin/cc   -fmessage-length=0 -fvisibility=hidden -pedantic -ansi -Wall -Wno-unused-function -DCHECK_FUNCTION_EXISTS=shmat   -o CMakeFiles/cmTC_a19fe.dir/CheckFunctionExists.c.o   -c /usr/share/cmake-3.10/Modules/CheckFunctionExists.c
Linking C executable cmTC_a19fe
/usr/bin/cmake -E cmake_link_script CMakeFiles/cmTC_a19fe.dir/link.txt --verbose=1
/usr/bin/cc  -fmessage-length=0 -fvisibility=hidden -pedantic -ansi -Wall -Wno-unused-function -DCHECK_FUNCTION_EXISTS=shmat    -rdynamic CMakeFiles/cmTC_a19fe.dir/CheckFunctionExists.c.o  -o cmTC_a19fe /usr/lib/x86_64-linux-gnu/librt.so 
make[1]: Leaving directory '/home/red-sea/COSSIM/hla/certi/build-certi/CMakeFiles/CMakeTmp'


Determining if the function IceConnectionNumber exists in the ICE passed with the following output:
Change Dir: /home/red-sea/COSSIM/hla/certi/build-certi/CMakeFiles/CMakeTmp

Run Build Command:"/usr/bin/make" "cmTC_a5cd0/fast"
/usr/bin/make -f CMakeFiles/cmTC_a5cd0.dir/build.make CMakeFiles/cmTC_a5cd0.dir/build
make[1]: Entering directory '/home/red-sea/COSSIM/hla/certi/build-certi/CMakeFiles/CMakeTmp'
Building C object CMakeFiles/cmTC_a5cd0.dir/CheckFunctionExists.c.o
/usr/bin/cc   -fmessage-length=0 -fvisibility=hidden -pedantic -ansi -Wall -Wno-unused-function -DCHECK_FUNCTION_EXISTS=IceConnectionNumber   -o CMakeFiles/cmTC_a5cd0.dir/CheckFunctionExists.c.o   -c /usr/share/cmake-3.10/Modules/CheckFunctionExists.c
Linking C executable cmTC_a5cd0
/usr/bin/cmake -E cmake_link_script CMakeFiles/cmTC_a5cd0.dir/link.txt --verbose=1
/usr/bin/cc  -fmessage-length=0 -fvisibility=hidden -pedantic -ansi -Wall -Wno-unused-function -DCHECK_FUNCTION_EXISTS=IceConnectionNumber    -rdynamic CMakeFiles/cmTC_a5cd0.dir/CheckFunctionExists.c.o  -o cmTC_a5cd0 -lICE /usr/lib/x86_64-linux-gnu/librt.so 
make[1]: Leaving directory '/home/red-sea/COSSIM/hla/certi/build-certi/CMakeFiles/CMakeTmp'


